<?xml version="1.0" encoding="UTF-8"?>
<!-- Generated by org.testng.reporters.JUnitReportReporter -->
<testsuite hostname="DESKTOP-9QTIESN" failures="0" tests="1" name="testscript.AdminUsersTest" time="7.354" errors="0" timestamp="2024-08-21T09:36:33 IST" skipped="0">
  <testcase classname="testscript.AdminUsersTest" name="verifyUserIsAbleToAddAdminUsers" time="7.354"/>
</testsuite> <!-- testscript.AdminUsersTest -->
