<?xml version="1.0" encoding="UTF-8"?>
<!-- Generated by org.testng.reporters.JUnitReportReporter -->
<testsuite hostname="DESKTOP-9QTIESN" failures="0" tests="1" name="testscript.SettingsTest" time="6.619" errors="0" timestamp="2024-08-21T10:13:31 IST" skipped="0">
  <testcase classname="testscript.SettingsTest" name="verifyUserIsAbleToManageMenu" time="6.619"/>
</testsuite> <!-- testscript.SettingsTest -->
