<?xml version="1.0" encoding="UTF-8"?>
<!-- Generated by org.testng.reporters.JUnitReportReporter -->
<testsuite hostname="DESKTOP-9QTIESN" failures="0" tests="1" name="testscript.ManageNewsTest" time="18.422" errors="0" timestamp="2024-08-26T20:00:15 IST" skipped="0">
  <testcase classname="testscript.ManageNewsTest" name="verifyUserIsAbleToAddNews" time="18.422"/>
</testsuite> <!-- testscript.ManageNewsTest -->
