<?xml version="1.0" encoding="UTF-8"?>
<!-- Generated by org.testng.reporters.JUnitReportReporter -->
<testsuite hostname="DESKTOP-9QTIESN" failures="0" tests="2" name="testscript.LogoutTest" time="47.763" errors="0" timestamp="2024-08-27T21:46:35 IST" skipped="0">
  <testcase classname="testscript.LogoutTest" name="verifyUserIsAbleToLogoutOfTheApplication" time="24.329"/>
  <testcase classname="testscript.LogoutTest" name="verifyUserIsAbleToLogoutOfTheApplication" time="23.434"/>
</testsuite> <!-- testscript.LogoutTest -->
