<?xml version="1.0" encoding="UTF-8"?>
<!-- Generated by org.testng.reporters.JUnitReportReporter -->
<testsuite hostname="DESKTOP-9QTIESN" failures="0" tests="1" name="testscript.AdminUsersTest" time="14.992" errors="0" timestamp="2024-09-10T22:06:25 IST" skipped="0">
  <testcase classname="testscript.AdminUsersTest" name="verifyUserIsAbleToAddAdminUsers" time="14.992"/>
</testsuite> <!-- testscript.AdminUsersTest -->
