<?xml version="1.0" encoding="UTF-8"?>
<!-- Generated by org.testng.reporters.JUnitReportReporter -->
<testsuite hostname="DESKTOP-9QTIESN" failures="0" tests="1" name="testscript.AdminUsersTest" time="17.045" errors="0" timestamp="2024-09-06T23:11:08 IST" skipped="0">
  <testcase classname="testscript.AdminUsersTest" name="verifyUserIsAbleToAddAdminUsers" time="17.045"/>
</testsuite> <!-- testscript.AdminUsersTest -->
