<?xml version="1.0" encoding="UTF-8"?>
<!-- Generated by org.testng.reporters.JUnitReportReporter -->
<testsuite hostname="DESKTOP-9QTIESN" failures="0" tests="1" name="testscript.ManageFooterTextTest" time="9.292" errors="0" timestamp="2024-08-21T09:57:09 IST" skipped="0">
  <testcase classname="testscript.ManageFooterTextTest" name="verifyUserIsAbleToUpdateFooterText" time="9.292"/>
</testsuite> <!-- testscript.ManageFooterTextTest -->
