<?xml version="1.0" encoding="UTF-8"?>
<!-- Generated by org.testng.reporters.JUnitReportReporter -->
<testsuite hostname="DESKTOP-9QTIESN" failures="0" tests="1" name="testscript.ManageNewsTest" time="14.418" errors="0" timestamp="2024-09-10T21:50:19 IST" skipped="0">
  <testcase classname="testscript.ManageNewsTest" name="verifyUserIsAbleToAddNews" time="14.418"/>
</testsuite> <!-- testscript.ManageNewsTest -->
