<?xml version="1.0" encoding="UTF-8"?>
<!-- Generated by org.testng.reporters.JUnitReportReporter -->
<testsuite hostname="DESKTOP-9QTIESN" failures="0" tests="4" name="testscript.LoginTest" time="38.385" errors="0" timestamp="2024-08-28T14:30:36 IST" skipped="0">
  <testcase classname="testscript.LoginTest" name="VerifyTheUserIsAbleToLoginUsingInvalidUsernameAndValidPassword" time="8.414"/>
  <testcase classname="testscript.LoginTest" name="VerifyTheUserIsAbleToLoginUsingvalidUsernameAndInvalidPassword" time="14.725"/>
  <testcase classname="testscript.LoginTest" name="VerifyTheUserIsAbleToLoginUsingValidCredentials" time="8.038"/>
  <testcase classname="testscript.LoginTest" name="VerifyTheUserIsAbleToLoginUsingInvalidUsernameAndInvalidPassword" time="7.208"/>
</testsuite> <!-- testscript.LoginTest -->
