<?xml version="1.0" encoding="UTF-8"?>
<!-- Generated by org.testng.reporters.JUnitReportReporter -->
<testsuite hostname="DESKTOP-9QTIESN" failures="0" tests="1" name="testscript.SubCategoryTest" time="10.611" errors="0" timestamp="2024-08-27T15:56:55 IST" skipped="0">
  <testcase classname="testscript.SubCategoryTest" name="ToverifyUserIsAbleToChangeSubcategoryStatus" time="10.611"/>
</testsuite> <!-- testscript.SubCategoryTest -->
