<?xml version="1.0" encoding="UTF-8"?>
<!-- Generated by org.testng.reporters.JUnitReportReporter -->
<testsuite hostname="DESKTOP-9QTIESN" failures="0" tests="1" name="testscript.CategoryTest" time="7.058" errors="0" timestamp="2024-08-21T09:39:14 IST" skipped="0">
  <testcase classname="testscript.CategoryTest" name="verifyUserIsAbleToAddNewCategory" time="7.058"/>
</testsuite> <!-- testscript.CategoryTest -->
